<?xml version="1.0" encoding="UTF-8"?>
<!-- Generated by org.testng.reporters.JUnitReportReporter -->
<testsuite skipped="0" hostname="BDC4B-D-9XY7T72" name="com.tests.NewTest2" tests="1" failures="0" timestamp="26 Jul 2018 08:48:07 GMT" time="46.245" errors="0">
  <testcase name="testMercuryToursLogin" time="46.245" classname="com.tests.NewTest2"/>
</testsuite> <!-- com.tests.NewTest2 -->
