<?xml version="1.0" encoding="UTF-8"?>
<!-- Generated by org.testng.reporters.JUnitReportReporter -->
<testsuite skipped="0" hostname="BDC4B-D-9XY7T72" name="com.tests.NewTest" tests="5" failures="0" timestamp="26 Jul 2018 07:01:18 GMT" time="0.035" errors="0">
  <testcase name="test3" time="0.002" classname="com.tests.NewTest"/>
  <testcase name="test4" time="0.002" classname="com.tests.NewTest"/>
  <testcase name="test2" time="0.004" classname="com.tests.NewTest"/>
  <testcase name="f" time="0.024" classname="com.tests.NewTest"/>
  <testcase name="test1" time="0.003" classname="com.tests.NewTest"/>
</testsuite> <!-- com.tests.NewTest -->
